mode: set
github.com/ChunHou23/booking-service/internal/forms/errors.go:5.44,7.2 1 1
github.com/ChunHou23/booking-service/internal/forms/errors.go:9.42,11.18 2 1
github.com/ChunHou23/booking-service/internal/forms/errors.go:11.18,13.3 1 1
github.com/ChunHou23/booking-service/internal/forms/errors.go:15.2,15.14 1 1
github.com/ChunHou23/booking-service/internal/forms/forms.go:16.33,21.2 1 1
github.com/ChunHou23/booking-service/internal/forms/forms.go:23.39,25.13 2 1
github.com/ChunHou23/booking-service/internal/forms/forms.go:25.13,28.3 2 1
github.com/ChunHou23/booking-service/internal/forms/forms.go:29.2,29.13 1 1
github.com/ChunHou23/booking-service/internal/forms/forms.go:32.29,34.2 1 1
github.com/ChunHou23/booking-service/internal/forms/forms.go:36.43,37.31 1 1
github.com/ChunHou23/booking-service/internal/forms/forms.go:37.31,39.37 2 1
github.com/ChunHou23/booking-service/internal/forms/forms.go:39.37,41.4 1 1
github.com/ChunHou23/booking-service/internal/forms/forms.go:45.57,47.21 2 1
github.com/ChunHou23/booking-service/internal/forms/forms.go:47.21,50.3 2 1
github.com/ChunHou23/booking-service/internal/forms/forms.go:51.2,51.13 1 1
github.com/ChunHou23/booking-service/internal/forms/forms.go:54.38,55.40 1 1
github.com/ChunHou23/booking-service/internal/forms/forms.go:55.40,57.3 1 1
