mode: set
github.com/ChunHou23/booking-service/internal/handlers/handlers.go:38.62,43.2 1 0
github.com/ChunHou23/booking-service/internal/handlers/handlers.go:45.54,50.2 1 1
github.com/ChunHou23/booking-service/internal/handlers/handlers.go:52.33,54.2 1 1
github.com/ChunHou23/booking-service/internal/handlers/handlers.go:56.67,58.2 1 1
github.com/ChunHou23/booking-service/internal/handlers/handlers.go:60.68,62.2 1 1
github.com/ChunHou23/booking-service/internal/handlers/handlers.go:64.75,66.2 1 1
github.com/ChunHou23/booking-service/internal/handlers/handlers.go:68.74,70.2 1 1
github.com/ChunHou23/booking-service/internal/handlers/handlers.go:72.75,74.2 1 1
github.com/ChunHou23/booking-service/internal/handlers/handlers.go:76.79,78.16 2 1
github.com/ChunHou23/booking-service/internal/handlers/handlers.go:78.16,82.3 3 1
github.com/ChunHou23/booking-service/internal/handlers/handlers.go:84.2,88.16 4 1
github.com/ChunHou23/booking-service/internal/handlers/handlers.go:88.16,92.3 3 1
github.com/ChunHou23/booking-service/internal/handlers/handlers.go:93.2,94.16 2 1
github.com/ChunHou23/booking-service/internal/handlers/handlers.go:94.16,98.3 3 1
github.com/ChunHou23/booking-service/internal/handlers/handlers.go:100.2,101.16 2 1
github.com/ChunHou23/booking-service/internal/handlers/handlers.go:101.16,105.3 3 1
github.com/ChunHou23/booking-service/internal/handlers/handlers.go:107.2,107.21 1 1
github.com/ChunHou23/booking-service/internal/handlers/handlers.go:107.21,112.3 4 1
github.com/ChunHou23/booking-service/internal/handlers/handlers.go:114.2,125.4 5 1
github.com/ChunHou23/booking-service/internal/handlers/handlers.go:128.79,130.16 2 1
github.com/ChunHou23/booking-service/internal/handlers/handlers.go:130.16,134.3 3 1
github.com/ChunHou23/booking-service/internal/handlers/handlers.go:136.2,139.16 4 1
github.com/ChunHou23/booking-service/internal/handlers/handlers.go:139.16,143.3 3 1
github.com/ChunHou23/booking-service/internal/handlers/handlers.go:144.2,145.16 2 1
github.com/ChunHou23/booking-service/internal/handlers/handlers.go:145.16,149.3 3 1
github.com/ChunHou23/booking-service/internal/handlers/handlers.go:151.2,152.16 2 1
github.com/ChunHou23/booking-service/internal/handlers/handlers.go:152.16,156.3 3 1
github.com/ChunHou23/booking-service/internal/handlers/handlers.go:158.2,159.16 2 1
github.com/ChunHou23/booking-service/internal/handlers/handlers.go:159.16,163.3 3 1
github.com/ChunHou23/booking-service/internal/handlers/handlers.go:165.2,174.16 3 1
github.com/ChunHou23/booking-service/internal/handlers/handlers.go:174.16,178.3 3 0
github.com/ChunHou23/booking-service/internal/handlers/handlers.go:180.2,181.14 2 1
github.com/ChunHou23/booking-service/internal/handlers/handlers.go:184.70,186.2 1 1
github.com/ChunHou23/booking-service/internal/handlers/handlers.go:188.78,190.9 2 1
github.com/ChunHou23/booking-service/internal/handlers/handlers.go:190.9,193.3 2 1
github.com/ChunHou23/booking-service/internal/handlers/handlers.go:195.2,196.16 2 1
github.com/ChunHou23/booking-service/internal/handlers/handlers.go:196.16,199.3 2 1
github.com/ChunHou23/booking-service/internal/handlers/handlers.go:201.2,218.4 10 1
github.com/ChunHou23/booking-service/internal/handlers/handlers.go:221.82,223.16 2 1
github.com/ChunHou23/booking-service/internal/handlers/handlers.go:223.16,227.3 3 1
github.com/ChunHou23/booking-service/internal/handlers/handlers.go:229.2,230.9 2 1
github.com/ChunHou23/booking-service/internal/handlers/handlers.go:230.9,234.3 3 1
github.com/ChunHou23/booking-service/internal/handlers/handlers.go:236.2,246.19 9 1
github.com/ChunHou23/booking-service/internal/handlers/handlers.go:246.19,255.3 5 1
github.com/ChunHou23/booking-service/internal/handlers/handlers.go:257.2,258.16 2 1
github.com/ChunHou23/booking-service/internal/handlers/handlers.go:258.16,262.3 3 1
github.com/ChunHou23/booking-service/internal/handlers/handlers.go:264.2,273.16 3 1
github.com/ChunHou23/booking-service/internal/handlers/handlers.go:273.16,277.3 3 1
github.com/ChunHou23/booking-service/internal/handlers/handlers.go:280.2,316.66 8 1
github.com/ChunHou23/booking-service/internal/handlers/handlers.go:319.81,321.9 2 1
github.com/ChunHou23/booking-service/internal/handlers/handlers.go:321.9,326.3 4 1
github.com/ChunHou23/booking-service/internal/handlers/handlers.go:328.2,341.4 9 1
github.com/ChunHou23/booking-service/internal/handlers/handlers.go:344.73,347.16 3 1
github.com/ChunHou23/booking-service/internal/handlers/handlers.go:347.16,351.3 3 1
github.com/ChunHou23/booking-service/internal/handlers/handlers.go:353.2,354.9 2 1
github.com/ChunHou23/booking-service/internal/handlers/handlers.go:354.9,358.3 3 1
github.com/ChunHou23/booking-service/internal/handlers/handlers.go:360.2,364.63 3 1
github.com/ChunHou23/booking-service/internal/handlers/handlers.go:367.71,370.16 3 1
github.com/ChunHou23/booking-service/internal/handlers/handlers.go:370.16,374.3 3 1
github.com/ChunHou23/booking-service/internal/handlers/handlers.go:376.2,383.16 6 1
github.com/ChunHou23/booking-service/internal/handlers/handlers.go:383.16,387.3 3 1
github.com/ChunHou23/booking-service/internal/handlers/handlers.go:389.2,397.63 7 1
github.com/ChunHou23/booking-service/internal/handlers/handlers.go:400.72,404.2 1 0
github.com/ChunHou23/booking-service/internal/handlers/handlers.go:406.76,410.16 3 0
github.com/ChunHou23/booking-service/internal/handlers/handlers.go:410.16,412.3 1 0
github.com/ChunHou23/booking-service/internal/handlers/handlers.go:413.2,420.19 6 0
github.com/ChunHou23/booking-service/internal/handlers/handlers.go:420.19,426.3 2 0
github.com/ChunHou23/booking-service/internal/handlers/handlers.go:428.2,429.16 2 0
github.com/ChunHou23/booking-service/internal/handlers/handlers.go:429.16,434.3 4 0
github.com/ChunHou23/booking-service/internal/handlers/handlers.go:436.2,438.47 3 0
github.com/ChunHou23/booking-service/internal/handlers/handlers.go:441.69,446.2 3 0
github.com/ChunHou23/booking-service/internal/handlers/handlers.go:448.77,450.2 1 0
github.com/ChunHou23/booking-service/internal/handlers/handlers.go:452.83,454.16 2 0
github.com/ChunHou23/booking-service/internal/handlers/handlers.go:454.16,457.3 2 0
github.com/ChunHou23/booking-service/internal/handlers/handlers.go:458.2,462.4 3 0
github.com/ChunHou23/booking-service/internal/handlers/handlers.go:465.83,467.16 2 0
github.com/ChunHou23/booking-service/internal/handlers/handlers.go:467.16,470.3 2 0
github.com/ChunHou23/booking-service/internal/handlers/handlers.go:471.2,475.4 3 0
github.com/ChunHou23/booking-service/internal/handlers/handlers.go:478.84,481.16 3 0
github.com/ChunHou23/booking-service/internal/handlers/handlers.go:481.16,484.3 2 0
github.com/ChunHou23/booking-service/internal/handlers/handlers.go:486.2,493.16 7 0
github.com/ChunHou23/booking-service/internal/handlers/handlers.go:493.16,496.3 2 0
github.com/ChunHou23/booking-service/internal/handlers/handlers.go:498.2,505.4 3 0
github.com/ChunHou23/booking-service/internal/handlers/handlers.go:508.88,510.16 2 1
github.com/ChunHou23/booking-service/internal/handlers/handlers.go:510.16,513.3 2 0
github.com/ChunHou23/booking-service/internal/handlers/handlers.go:515.2,517.16 3 1
github.com/ChunHou23/booking-service/internal/handlers/handlers.go:517.16,520.3 2 0
github.com/ChunHou23/booking-service/internal/handlers/handlers.go:522.2,533.16 9 1
github.com/ChunHou23/booking-service/internal/handlers/handlers.go:533.16,536.3 2 0
github.com/ChunHou23/booking-service/internal/handlers/handlers.go:538.2,544.16 6 1
github.com/ChunHou23/booking-service/internal/handlers/handlers.go:544.16,547.3 2 0
github.com/ChunHou23/booking-service/internal/handlers/handlers.go:549.2,554.16 4 1
github.com/ChunHou23/booking-service/internal/handlers/handlers.go:554.16,556.3 1 1
github.com/ChunHou23/booking-service/internal/handlers/handlers.go:556.8,558.3 1 1
github.com/ChunHou23/booking-service/internal/handlers/handlers.go:561.88,564.34 2 0
github.com/ChunHou23/booking-service/internal/handlers/handlers.go:564.34,569.3 3 0
github.com/ChunHou23/booking-service/internal/handlers/handlers.go:571.2,601.16 25 0
github.com/ChunHou23/booking-service/internal/handlers/handlers.go:601.16,604.3 2 0
github.com/ChunHou23/booking-service/internal/handlers/handlers.go:605.2,607.26 2 0
github.com/ChunHou23/booking-service/internal/handlers/handlers.go:607.26,611.80 3 0
github.com/ChunHou23/booking-service/internal/handlers/handlers.go:611.80,614.4 2 0
github.com/ChunHou23/booking-service/internal/handlers/handlers.go:616.3,617.17 2 0
github.com/ChunHou23/booking-service/internal/handlers/handlers.go:617.17,620.4 2 0
github.com/ChunHou23/booking-service/internal/handlers/handlers.go:622.3,622.34 1 0
github.com/ChunHou23/booking-service/internal/handlers/handlers.go:622.34,623.27 1 0
github.com/ChunHou23/booking-service/internal/handlers/handlers.go:623.27,624.79 1 0
github.com/ChunHou23/booking-service/internal/handlers/handlers.go:624.79,626.6 1 0
github.com/ChunHou23/booking-service/internal/handlers/handlers.go:627.10,629.5 1 0
github.com/ChunHou23/booking-service/internal/handlers/handlers.go:632.3,636.90 4 0
github.com/ChunHou23/booking-service/internal/handlers/handlers.go:639.2,644.4 1 0
github.com/ChunHou23/booking-service/internal/handlers/handlers.go:647.86,656.16 7 1
github.com/ChunHou23/booking-service/internal/handlers/handlers.go:656.16,658.3 1 1
github.com/ChunHou23/booking-service/internal/handlers/handlers.go:658.8,660.3 1 1
github.com/ChunHou23/booking-service/internal/handlers/handlers.go:663.85,674.16 7 1
github.com/ChunHou23/booking-service/internal/handlers/handlers.go:674.16,676.3 1 1
github.com/ChunHou23/booking-service/internal/handlers/handlers.go:676.8,678.3 1 1
github.com/ChunHou23/booking-service/internal/handlers/handlers.go:681.92,683.16 2 1
github.com/ChunHou23/booking-service/internal/handlers/handlers.go:683.16,686.3 2 0
github.com/ChunHou23/booking-service/internal/handlers/handlers.go:688.2,694.16 5 1
github.com/ChunHou23/booking-service/internal/handlers/handlers.go:694.16,697.3 2 0
github.com/ChunHou23/booking-service/internal/handlers/handlers.go:699.2,700.26 2 1
github.com/ChunHou23/booking-service/internal/handlers/handlers.go:700.26,702.35 2 0
github.com/ChunHou23/booking-service/internal/handlers/handlers.go:702.35,703.35 1 0
github.com/ChunHou23/booking-service/internal/handlers/handlers.go:703.35,704.16 1 0
github.com/ChunHou23/booking-service/internal/handlers/handlers.go:704.16,705.66 1 0
github.com/ChunHou23/booking-service/internal/handlers/handlers.go:705.66,707.21 2 0
github.com/ChunHou23/booking-service/internal/handlers/handlers.go:707.21,709.8 1 0
github.com/ChunHou23/booking-service/internal/handlers/handlers.go:716.2,716.34 1 1
github.com/ChunHou23/booking-service/internal/handlers/handlers.go:716.34,717.43 1 1
github.com/ChunHou23/booking-service/internal/handlers/handlers.go:717.43,724.18 5 1
github.com/ChunHou23/booking-service/internal/handlers/handlers.go:724.18,726.5 1 0
github.com/ChunHou23/booking-service/internal/handlers/handlers.go:730.2,730.110 1 1
